<?xml version="1.0" encoding="UTF-8"?>
<!-- Generated by org.testng.reporters.JUnitXMLReporter -->
<testsuite hostname="vfrankli" failures="1" tests="1" name="UniformTest" time="105.613" errors="0" timestamp="20 Aug 2019 10:46:05 GMT">
  <testcase classname="com.training.functional.tests.UniformRegistrationTest" name="UserRegistrationTest" time="21.376">
    <failure type="java.lang.NullPointerException">
      <![CDATA[java.lang.NullPointerException
	at com.training.functional.tests.UniformRegistrationTest.UserRegistrationTest(UniformRegistrationTest.java:104)
... Removed 24 stack frames]]>
    </failure>
  </testcase> <!-- UserRegistrationTest -->
</testsuite> <!-- UniformTest -->
