<?xml version="1.0" encoding="UTF-8"?>
<!-- Generated by org.testng.reporters.JUnitXMLReporter -->
<testsuite hostname="vfrankli" failures="0" tests="3" name="Uniform Store Functional Test" time="114.339" errors="0" timestamp="27 Aug 2019 07:59:42 GMT">
  <testcase classname="com.training.functional.tests.UniformStoreTestSuite" name="UFM_001" time="10.023"/>
  <testcase classname="com.training.functional.tests.UniformStoreTestSuite" name="UFM_002" time="4.974"/>
  <testcase classname="com.training.functional.tests.UniformStoreTestSuite" name="UFM_003" time="7.925"/>
</testsuite> <!-- Uniform Store Functional Test -->
