<?xml version="1.0" encoding="UTF-8"?>
<testng-results total="3" passed="3" failed="0" skipped="0">
  <reporter-output>
  </reporter-output>
  <suite started-at="2019-08-27T07:57:48Z" name="Uniform Test Suite" finished-at="2019-08-27T07:59:42Z" duration-ms="114339">
    <groups>
    </groups>
    <test started-at="2019-08-27T07:57:48Z" name="Uniform Store Functional Test" finished-at="2019-08-27T07:59:42Z" duration-ms="114339">
      <class name="com.training.functional.tests.UniformStoreTestSuite">
        <test-method is-config="true" signature="setUpBeforeClass()[pri:0, instance:com.training.functional.tests.UniformStoreTestSuite@74d1dc36]" started-at="2019-08-27T13:27:48Z" name="setUpBeforeClass" finished-at="2019-08-27T13:27:48Z" duration-ms="13" status="PASS">
          <reporter-output>
          </reporter-output>
        </test-method> <!-- setUpBeforeClass -->
        <test-method is-config="true" signature="setUp(java.lang.reflect.Method)[pri:0, instance:com.training.functional.tests.UniformStoreTestSuite@74d1dc36]" started-at="2019-08-27T13:27:48Z" name="setUp" finished-at="2019-08-27T13:28:03Z" duration-ms="14748" status="PASS">
          <params>
            <param index="0">
              <value>
                <![CDATA[public void com.training.functional.tests.UniformStoreTestSuite.UFM_001(java.lang.reflect.Method) throws java.lang.Exception]]>
              </value>
            </param>
          </params>
          <reporter-output>
          </reporter-output>
        </test-method> <!-- setUp -->
        <test-method signature="UFM_001(java.lang.reflect.Method)[pri:1, instance:com.training.functional.tests.UniformStoreTestSuite@74d1dc36]" started-at="2019-08-27T13:28:03Z" name="UFM_001" finished-at="2019-08-27T13:28:13Z" duration-ms="10023" status="PASS">
          <params>
            <param index="0">
              <value>
                <![CDATA[public void com.training.functional.tests.UniformStoreTestSuite.UFM_001(java.lang.reflect.Method) throws java.lang.Exception]]>
              </value>
            </param>
          </params>
          <reporter-output>
          </reporter-output>
        </test-method> <!-- UFM_001 -->
        <test-method is-config="true" signature="logout()[pri:0, instance:com.training.functional.tests.UniformStoreTestSuite@74d1dc36]" started-at="2019-08-27T13:28:13Z" name="logout" finished-at="2019-08-27T13:28:29Z" duration-ms="16451" status="PASS">
          <reporter-output>
          </reporter-output>
        </test-method> <!-- logout -->
        <test-method is-config="true" signature="setUp(java.lang.reflect.Method)[pri:0, instance:com.training.functional.tests.UniformStoreTestSuite@74d1dc36]" started-at="2019-08-27T13:28:29Z" name="setUp" finished-at="2019-08-27T13:28:42Z" duration-ms="13213" status="PASS">
          <params>
            <param index="0">
              <value>
                <![CDATA[public void com.training.functional.tests.UniformStoreTestSuite.UFM_002(java.lang.reflect.Method) throws java.lang.Exception]]>
              </value>
            </param>
          </params>
          <reporter-output>
          </reporter-output>
        </test-method> <!-- setUp -->
        <test-method signature="UFM_002(java.lang.reflect.Method)[pri:2, instance:com.training.functional.tests.UniformStoreTestSuite@74d1dc36]" started-at="2019-08-27T13:28:42Z" name="UFM_002" finished-at="2019-08-27T13:28:47Z" duration-ms="4974" status="PASS">
          <params>
            <param index="0">
              <value>
                <![CDATA[public void com.training.functional.tests.UniformStoreTestSuite.UFM_002(java.lang.reflect.Method) throws java.lang.Exception]]>
              </value>
            </param>
          </params>
          <reporter-output>
          </reporter-output>
        </test-method> <!-- UFM_002 -->
        <test-method is-config="true" signature="logout()[pri:0, instance:com.training.functional.tests.UniformStoreTestSuite@74d1dc36]" started-at="2019-08-27T13:28:47Z" name="logout" finished-at="2019-08-27T13:29:04Z" duration-ms="16296" status="PASS">
          <reporter-output>
          </reporter-output>
        </test-method> <!-- logout -->
        <test-method is-config="true" signature="setUp(java.lang.reflect.Method)[pri:0, instance:com.training.functional.tests.UniformStoreTestSuite@74d1dc36]" started-at="2019-08-27T13:29:04Z" name="setUp" finished-at="2019-08-27T13:29:17Z" duration-ms="13294" status="PASS">
          <params>
            <param index="0">
              <value>
                <![CDATA[public void com.training.functional.tests.UniformStoreTestSuite.UFM_003(java.lang.reflect.Method) throws java.lang.Exception]]>
              </value>
            </param>
          </params>
          <reporter-output>
          </reporter-output>
        </test-method> <!-- setUp -->
        <test-method signature="UFM_003(java.lang.reflect.Method)[pri:3, instance:com.training.functional.tests.UniformStoreTestSuite@74d1dc36]" started-at="2019-08-27T13:29:17Z" name="UFM_003" finished-at="2019-08-27T13:29:25Z" duration-ms="7925" status="PASS">
          <params>
            <param index="0">
              <value>
                <![CDATA[public void com.training.functional.tests.UniformStoreTestSuite.UFM_003(java.lang.reflect.Method) throws java.lang.Exception]]>
              </value>
            </param>
          </params>
          <reporter-output>
          </reporter-output>
        </test-method> <!-- UFM_003 -->
        <test-method is-config="true" signature="logout()[pri:0, instance:com.training.functional.tests.UniformStoreTestSuite@74d1dc36]" started-at="2019-08-27T13:29:25Z" name="logout" finished-at="2019-08-27T13:29:41Z" duration-ms="16194" status="PASS">
          <reporter-output>
          </reporter-output>
        </test-method> <!-- logout -->
        <test-method is-config="true" signature="tearDown()[pri:0, instance:com.training.functional.tests.UniformStoreTestSuite@74d1dc36]" started-at="2019-08-27T13:29:41Z" name="tearDown" finished-at="2019-08-27T13:29:42Z" duration-ms="1191" status="PASS">
          <reporter-output>
          </reporter-output>
        </test-method> <!-- tearDown -->
      </class> <!-- com.training.functional.tests.UniformStoreTestSuite -->
    </test> <!-- Uniform Store Functional Test -->
  </suite> <!-- Uniform Test Suite -->
</testng-results>
